Mon Oct  1 19:03:28 PDT 2018

############################################################
ANALYZING NaCl_2-2-2_Vacancies1.xyz
Using VACOVP = 0.76
Using cell dimensions LX= 11.24 LY= 11.24 LZ= 11.24
Lattice parameter: a= 5.62
Stucture Type: FCC
Using value R1= 3.97394
Using value R2= 5.62
Using value R0= 2.39849
Periodic Boundary Conditions: True

NATOMS=124 old_vac= 0
-> 124 atoms, CoM = 2.71935, 2.78734, 2.78734
Average overlap is : 41.9765
Ideal overlap is   : 4.31371
Min/Max overlap is : 1.45794/70.9991
        at atoms 13 and 123 respectively.
Min/Max coordin is : 11/93
Limit overlap choosed is : 4.31371
-> Found one vacancy! (ov=0.686866, coord=16) at 5.66684, 7.72696, 7.89929
-> Total vacancies up to now: 1
Progress : 10% 
Progress : 20% 
Progress : 30% 
Progress : 40% 
Progress : 50% 
Progress : 60% 
Progress : 70% 
Progress : 80% 
Progress : 90% 
Finishing Vacancies Search Process 
-> No more vacancies found.

-> Step= 0   Vacancies= 1
**************************************************************************

NATOMS=125 old_vac= 1
-> 125 atoms, CoM = 2.74293, 2.82686, 2.82823
Average overlap is : 41.6597
Ideal overlap is   : 4.31371
Min/Max overlap is : 1.62274/70.9991
        at atoms 13 and 123 respectively.
Min/Max coordin is : 12/93
Limit overlap choosed is : 4.31371
Progress : 10% 
Progress : 20% 
Progress : 30% 
Progress : 40% 
Progress : 50% 
Progress : 60% 
Progress : 70% 
Progress : 80% 
Progress : 90% 
Finishing Vacancies Search Process 
-> No more vacancies found.

-> Step= 1   Vacancies= 0
**************************************************************************

NATOMS=125 old_vac= 0
-> 125 atoms, CoM = 2.74293, 2.82686, 2.82823
Average overlap is : 41.6597
Ideal overlap is   : 4.31371
Min/Max overlap is : 1.62274/70.9991
        at atoms 13 and 123 respectively.
Min/Max coordin is : 12/93
Limit overlap choosed is : 4.31371
Progress : 10% 
Progress : 20% 
Progress : 30% 
Progress : 40% 
Progress : 50% 
Progress : 60% 
Progress : 70% 
Progress : 80% 
Progress : 90% 
Finishing Vacancies Search Process 
-> No more vacancies found.

-> Step= 2   Vacancies= 0
**************************************************************************

NATOMS=125 old_vac= 0
-> 125 atoms, CoM = 2.74293, 2.82686, 2.82823
Average overlap is : 41.6597
Ideal overlap is   : 4.31371
Min/Max overlap is : 1.62274/70.9991
        at atoms 13 and 123 respectively.
Min/Max coordin is : 12/93
Limit overlap choosed is : 4.31371
Progress : 10% 
Progress : 20% 
Progress : 30% 
Progress : 40% 
Progress : 50% 
Progress : 60% 
Progress : 70% 
Progress : 80% 
Progress : 90% 
Finishing Vacancies Search Process 
-> No more vacancies found.

-> Step= 3   Vacancies= 0
**************************************************************************

NATOMS=125 old_vac= 0
-> 125 atoms, CoM = 2.74293, 2.82686, 2.82823
Average overlap is : 41.6597
Ideal overlap is   : 4.31371
Min/Max overlap is : 1.62274/70.9991
        at atoms 13 and 123 respectively.
Min/Max coordin is : 12/93
Limit overlap choosed is : 4.31371
Progress : 10% 
Progress : 20% 
Progress : 30% 
Progress : 40% 
Progress : 50% 
Progress : 60% 
Progress : 70% 
Progress : 80% 
Progress : 90% 
Finishing Vacancies Search Process 
-> No more vacancies found.

-> Step= 4   Vacancies= 0
**************************************************************************

NATOMS=125 old_vac= 0
-> 125 atoms, CoM = 2.74293, 2.82686, 2.82823
Average overlap is : 41.6597
Ideal overlap is   : 4.31371
Min/Max overlap is : 1.62274/70.9991
        at atoms 13 and 123 respectively.
Min/Max coordin is : 12/93
Limit overlap choosed is : 4.31371
Progress : 10% 
Progress : 20% 
Progress : 30% 
Progress : 40% 
Progress : 50% 
Progress : 60% 
Progress : 70% 
Progress : 80% 
Progress : 90% 
Finishing Vacancies Search Process 
-> No more vacancies found.

-> Step= 5   Vacancies= 0
**************************************************************************

-> TOTAL NUMBER OF VACANCIES:  1
############################################################

Mon Oct  1 19:04:00 PDT 2018
