Sun Nov 11 20:09:10 PST 2018

############################################################
ANALYZING NaCl_2-2-2_Vacancies2.xyz
Using VACOVP = 0.46
Using cell dimensions LX= 11.24 LY= 11.24 LZ= 11.24
Lattice parameter: a= 5.62
Stucture Type: FCC
Using value R1= 3.97394
Using value R2= 5.62
Using value R0= 2.39849
Periodic Boundary Conditions: False

NATOMS=61 old_vac= 0
-> 61 atoms, CoM = 5.57393, 5.62, 5.71213
Average overlap is : 1.31667
Ideal overlap is   : 4.31371
Min/Max overlap is : 1.16652/1.49957
        at atoms 37 and 52 respectively.
Min/Max coordin is : 4/12
Limit overlap choosed is : 1.31667
-> Found one vacancy! (ov=0.0123444, coord=1) at 13.4889, -0.911091, -0.995769
-> Total vacancies up to now: 1
Progress : 10% 
-> Found one vacancy! (ov=0.073136, coord=1) at -0.305899, 13.7257, -0.37459
-> Total vacancies up to now: 2
Progress : 20% 
-> Found one vacancy! (ov=0.0388796, coord=1) at -0.95417, -0.801082, 13.1421
-> Total vacancies up to now: 3
Progress : 30% 
Progress : 40% 
Progress : 50% 
Progress : 60% 
Progress : 70% 
Progress : 80% 
Progress : 90% 
Finishing Vacancies Search Process 
-> No more vacancies found.

-> Step= 0   Vacancies= 3
**************************************************************************

NATOMS=64 old_vac= 3
-> 64 atoms, CoM = 5.50373, 5.54427, 5.62831
Average overlap is : 1.30571
Ideal overlap is   : 4.31371
Min/Max overlap is : 1.01234/1.49957
        at atoms 61 and 52 respectively.
Min/Max coordin is : 2/12
Limit overlap choosed is : 1.30571
Progress : 10% 
Progress : 20% 
Progress : 30% 
Progress : 40% 
Progress : 50% 
Progress : 60% 
Progress : 70% 
Progress : 80% 
Progress : 90% 
Finishing Vacancies Search Process 
-> No more vacancies found.

-> Step= 1   Vacancies= 0
**************************************************************************

NATOMS=64 old_vac= 0
-> 64 atoms, CoM = 5.50373, 5.54427, 5.62831
Average overlap is : 1.30571
Ideal overlap is   : 4.31371
Min/Max overlap is : 1.01234/1.49957
        at atoms 61 and 52 respectively.
Min/Max coordin is : 2/12
Limit overlap choosed is : 1.30571
Progress : 10% 
Progress : 20% 
Progress : 30% 
Progress : 40% 
Progress : 50% 
Progress : 60% 
Progress : 70% 
Progress : 80% 
Progress : 90% 
Finishing Vacancies Search Process 
-> No more vacancies found.

-> Step= 2   Vacancies= 0
**************************************************************************

NATOMS=64 old_vac= 0
-> 64 atoms, CoM = 5.50373, 5.54427, 5.62831
Average overlap is : 1.30571
Ideal overlap is   : 4.31371
Min/Max overlap is : 1.01234/1.49957
        at atoms 61 and 52 respectively.
Min/Max coordin is : 2/12
Limit overlap choosed is : 1.30571
Progress : 10% 
Progress : 20% 
Progress : 30% 
Progress : 40% 
Progress : 50% 
Progress : 60% 
Progress : 70% 
Progress : 80% 
Progress : 90% 
Finishing Vacancies Search Process 
-> No more vacancies found.

-> Step= 3   Vacancies= 0
**************************************************************************

NATOMS=64 old_vac= 0
-> 64 atoms, CoM = 5.50373, 5.54427, 5.62831
Average overlap is : 1.30571
Ideal overlap is   : 4.31371
Min/Max overlap is : 1.01234/1.49957
        at atoms 61 and 52 respectively.
Min/Max coordin is : 2/12
Limit overlap choosed is : 1.30571
Progress : 10% 
Progress : 20% 
Progress : 30% 
Progress : 40% 
Progress : 50% 
Progress : 60% 
Progress : 70% 
Progress : 80% 
Progress : 90% 
Finishing Vacancies Search Process 
-> No more vacancies found.

-> Step= 4   Vacancies= 0
**************************************************************************

NATOMS=64 old_vac= 0
-> 64 atoms, CoM = 5.50373, 5.54427, 5.62831
Average overlap is : 1.30571
Ideal overlap is   : 4.31371
Min/Max overlap is : 1.01234/1.49957
        at atoms 61 and 52 respectively.
Min/Max coordin is : 2/12
Limit overlap choosed is : 1.30571
Progress : 10% 
Progress : 20% 
Progress : 30% 
Progress : 40% 
Progress : 50% 
Progress : 60% 
Progress : 70% 
Progress : 80% 
Progress : 90% 
Finishing Vacancies Search Process 
-> No more vacancies found.

-> Step= 5   Vacancies= 0
**************************************************************************

-> TOTAL NUMBER OF VACANCIES:  3
############################################################

Sun Nov 11 20:09:25 PST 2018
