Thu Nov  8 19:57:49 PST 2018

############################################################
ANALYZING NaCl_2-2-2_Vacancies1.xyz
Using VACOVP = 0.76
Using cell dimensions LX= 11.24 LY= 11.24 LZ= 11.24
Lattice parameter: a= 5.62
Stucture Type: FCC
Using value R1= 3.97394
Using value R2= 5.62
Using value R0= 2.39849
Periodic Boundary Conditions: False

NATOMS=124 old_vac= 0
-> 124 atoms, CoM = 2.71935, 2.78734, 2.78734
Average overlap is : 33.7941
Ideal overlap is   : 4.31371
Min/Max overlap is : 1.12489/64.1249
        at atoms 2 and 123 respectively.
Min/Max coordin is : 3/71
Limit overlap choosed is : 4.31371
Progress : 10% 
Progress : 20% 
Progress : 30% 
Progress : 40% 
-> Found one vacancy! (ov=0.0311235, coord=1) at 10.9129, -0.984118, -0.348518
-> Total vacancies up to now: 1
-> Found one vacancy! (ov=0.450884, coord=3) at -0.978946, 7.44183, -0.955316
-> Total vacancies up to now: 2
Progress : 50% 
Progress : 60% 
Progress : 70% 
Progress : 80% 
Progress : 90% 
Finishing Vacancies Search Process 
-> No more vacancies found.

-> Step= 0   Vacancies= 2
**************************************************************************

NATOMS=126 old_vac= 2
-> 126 atoms, CoM = 2.75503, 2.79435, 2.73275
Average overlap is : 33.2812
Ideal overlap is   : 4.31371
Min/Max overlap is : 1.03112/64.1249
        at atoms 124 and 123 respectively.
Min/Max coordin is : 2/71
Limit overlap choosed is : 4.31371
Progress : 10% 
Progress : 20% 
Progress : 30% 
Progress : 40% 
Progress : 50% 
-> Found one vacancy! (ov=0.461138, coord=3) at -0.925505, -0.869087, 8.90408
-> Total vacancies up to now: 1
Progress : 60% 
Progress : 70% 
Progress : 80% 
Progress : 90% 
Finishing Vacancies Search Process 
-> No more vacancies found.

-> Step= 1   Vacancies= 1
**************************************************************************

NATOMS=127 old_vac= 1
-> 127 atoms, CoM = 2.72605, 2.7655, 2.78134
Average overlap is : 33.0343
Ideal overlap is   : 4.31371
Min/Max overlap is : 1.03112/64.1249
        at atoms 124 and 123 respectively.
Min/Max coordin is : 2/71
Limit overlap choosed is : 4.31371
Progress : 10% 
Progress : 20% 
Progress : 30% 
Progress : 40% 
Progress : 50% 
Progress : 60% 
Progress : 70% 
Progress : 80% 
Progress : 90% 
Finishing Vacancies Search Process 
-> No more vacancies found.

-> Step= 2   Vacancies= 0
**************************************************************************

NATOMS=127 old_vac= 0
-> 127 atoms, CoM = 2.72605, 2.7655, 2.78134
Average overlap is : 33.0343
Ideal overlap is   : 4.31371
Min/Max overlap is : 1.03112/64.1249
        at atoms 124 and 123 respectively.
Min/Max coordin is : 2/71
Limit overlap choosed is : 4.31371
Progress : 10% 
Progress : 20% 
Progress : 30% 
Progress : 40% 
Progress : 50% 
Progress : 60% 
Progress : 70% 
Progress : 80% 
Progress : 90% 
Finishing Vacancies Search Process 
-> No more vacancies found.

-> Step= 3   Vacancies= 0
**************************************************************************

NATOMS=127 old_vac= 0
-> 127 atoms, CoM = 2.72605, 2.7655, 2.78134
Average overlap is : 33.0343
Ideal overlap is   : 4.31371
Min/Max overlap is : 1.03112/64.1249
        at atoms 124 and 123 respectively.
Min/Max coordin is : 2/71
Limit overlap choosed is : 4.31371
Progress : 10% 
Progress : 20% 
Progress : 30% 
Progress : 40% 
Progress : 50% 
Progress : 60% 
Progress : 70% 
Progress : 80% 
Progress : 90% 
Finishing Vacancies Search Process 
-> No more vacancies found.

-> Step= 4   Vacancies= 0
**************************************************************************

NATOMS=127 old_vac= 0
-> 127 atoms, CoM = 2.72605, 2.7655, 2.78134
Average overlap is : 33.0343
Ideal overlap is   : 4.31371
Min/Max overlap is : 1.03112/64.1249
        at atoms 124 and 123 respectively.
Min/Max coordin is : 2/71
Limit overlap choosed is : 4.31371
Progress : 10% 
Progress : 20% 
Progress : 30% 
Progress : 40% 
Progress : 50% 
Progress : 60% 
Progress : 70% 
Progress : 80% 
Progress : 90% 
Finishing Vacancies Search Process 
-> No more vacancies found.

-> Step= 5   Vacancies= 0
**************************************************************************

NATOMS=127 old_vac= 0
-> 127 atoms, CoM = 2.72605, 2.7655, 2.78134
Average overlap is : 33.0343
Ideal overlap is   : 4.31371
Min/Max overlap is : 1.03112/64.1249
        at atoms 124 and 123 respectively.
Min/Max coordin is : 2/71
Limit overlap choosed is : 4.31371
Progress : 10% 
Progress : 20% 
Progress : 30% 
Progress : 40% 
-> Found one vacancy! (ov=0.031262, coord=2) at 13.7384, 2.23861, -0.98087
-> Total vacancies up to now: 1
Progress : 50% 
Progress : 60% 
Progress : 70% 
Progress : 80% 
Progress : 90% 
Finishing Vacancies Search Process 
-> No more vacancies found.

-> Step= 6   Vacancies= 1
**************************************************************************

NATOMS=128 old_vac= 1
-> 128 atoms, CoM = 2.81208, 2.76138, 2.75195
Average overlap is : 32.7845
Ideal overlap is   : 4.31371
Min/Max overlap is : 1.03126/64.1249
        at atoms 127 and 123 respectively.
Min/Max coordin is : 3/71
Limit overlap choosed is : 4.31371
Progress : 10% 
Progress : 20% 
Progress : 30% 
Progress : 40% 
Progress : 50% 
Progress : 60% 
Progress : 70% 
Progress : 80% 
Progress : 90% 
Finishing Vacancies Search Process 
-> No more vacancies found.

-> Step= 7   Vacancies= 0
**************************************************************************

-> TOTAL NUMBER OF VACANCIES:  4
############################################################

Thu Nov  8 19:58:25 PST 2018
