ANALYZING /home/naytrog1/practica1/Vacancies/prueba/*
Using VACOVP = 0.16
Using cell dimensions LX= 42.9 LY= 42.9 LZ= 21.45
Lattice parameter: a= 4.29
Stucture Type: BCC
Using value R1= 3.71525
Using value R2= 4.29
Using value R0= 2.00131
Periodic Boundary Conditions: True

NATOMS=2 old_vac= 0
-> 2 atoms, CoM = 0, 0, 0
Average overlap is : 2
Ideal overlap is   : 3.83063
Min/Max overlap is : 2/2
        at atoms 0 and 1 respectively.
Min/Max coordin is : 1/1
Limit overlap choosed is : 2
Progress : 50% 
Finishing Vacancies Search Process 
-> No more vacancies found.

-> Step= 0   Vacancies= 0
**************************************************************************

NATOMS=2 old_vac= 0
-> 2 atoms, CoM = 0, 0, 0
Average overlap is : 2
Ideal overlap is   : 3.83063
Min/Max overlap is : 2/2
        at atoms 0 and 1 respectively.
Min/Max coordin is : 1/1
Limit overlap choosed is : 2
Progress : 50% 
Finishing Vacancies Search Process 
-> No more vacancies found.

-> Step= 1   Vacancies= 0
**************************************************************************

NATOMS=2 old_vac= 0
-> 2 atoms, CoM = 0, 0, 0
Average overlap is : 2
Ideal overlap is   : 3.83063
Min/Max overlap is : 2/2
        at atoms 0 and 1 respectively.
Min/Max coordin is : 1/1
Limit overlap choosed is : 2
Progress : 50% 
Finishing Vacancies Search Process 
-> No more vacancies found.

-> Step= 2   Vacancies= 0
**************************************************************************

NATOMS=2 old_vac= 0
-> 2 atoms, CoM = 0, 0, 0
Average overlap is : 2
Ideal overlap is   : 3.83063
Min/Max overlap is : 2/2
        at atoms 0 and 1 respectively.
Min/Max coordin is : 1/1
Limit overlap choosed is : 2
Progress : 50% 
Finishing Vacancies Search Process 
-> No more vacancies found.

-> Step= 3   Vacancies= 0
**************************************************************************

NATOMS=2 old_vac= 0
-> 2 atoms, CoM = 0, 0, 0
Average overlap is : 2
Ideal overlap is   : 3.83063
Min/Max overlap is : 2/2
        at atoms 0 and 1 respectively.
Min/Max coordin is : 1/1
Limit overlap choosed is : 2
Progress : 50% 
Finishing Vacancies Search Process 
-> No more vacancies found.

-> Step= 4   Vacancies= 0
**************************************************************************

-> TOTAL NUMBER OF VACANCIES:  0
